============================= test session starts =============================
platform win32 -- Python 3.12.10, pytest-8.3.3, pluggy-1.6.0
rootdir: C:\Users\prady\Desktop\Claude\OS\prady-os
configfile: pytest.ini
plugins: anyio-4.6.2, asyncio-0.24.0, respx-0.21.1
asyncio: mode=Mode.AUTO, default_loop_scope=function
collected 308 items / 14 errors

=================================== ERRORS ====================================
______ ERROR collecting platform/auth-service/tests/test_auth_service.py ______
ImportError while importing test module 'C:\Users\prady\Desktop\Claude\OS\prady-os\platform\auth-service\tests\test_auth_service.py'.
Hint: make sure your test modules/packages have valid Python names.
Traceback:
platform\auth-service\tests\test_auth_service.py:9: in <module>
    import auth_service
platform\auth-service\auth_service.py:13: in <module>
    from jwt_utils import generate_keypair, sign_token, verify_token
platform\auth-service\jwt_utils.py:9: in <module>
    import jwt
E   ModuleNotFoundError: No module named 'jwt'
_______ ERROR collecting platform/auth-service/tests/test_jwt_utils.py ________
ImportError while importing test module 'C:\Users\prady\Desktop\Claude\OS\prady-os\platform\auth-service\tests\test_jwt_utils.py'.
Hint: make sure your test modules/packages have valid Python names.
Traceback:
platform\auth-service\tests\test_jwt_utils.py:9: in <module>
    import jwt_utils
platform\auth-service\jwt_utils.py:9: in <module>
    import jwt
E   ModuleNotFoundError: No module named 'jwt'
________ ERROR collecting platform/bot-bridge/tests/test_bot_bridge.py ________
ImportError while importing test module 'C:\Users\prady\Desktop\Claude\OS\prady-os\platform\bot-bridge\tests\test_bot_bridge.py'.
Hint: make sure your test modules/packages have valid Python names.
Traceback:
platform\bot-bridge\tests\test_bot_bridge.py:17: in <module>
    from main import app
E   ModuleNotFoundError: No module named 'main'
______ ERROR collecting platform/computer-use/tests/test_computer_use.py ______
.venv\Lib\site-packages\_pytest\python.py:493: in importtestmodule
    mod = import_path(
.venv\Lib\site-packages\_pytest\pathlib.py:556: in import_path
    mod = _import_module_using_spec(
.venv\Lib\site-packages\_pytest\pathlib.py:663: in _import_module_using_spec
    spec.loader.exec_module(mod)  # type: ignore[union-attr]
.venv\Lib\site-packages\_pytest\assertion\rewrite.py:184: in exec_module
    exec(co, module.__dict__)
platform\computer-use\tests\test_computer_use.py:19: in <module>
    from task_loop import TaskExecutor
E     File "C:\Users\prady\Desktop\Claude\OS\prady-os\platform\computer-use\task_loop.py", line 96
E       def __init__(self, proxy_url: str | None = None, computer_url: str | None = None, db_path: Path | None = None) -> None:
E       ^^^
E   IndentationError: expected an indented block after class definition on line 95
_____ ERROR collecting platform/ebpf-hardening/tests/test_ebpf_loader.py ______
ImportError while importing test module 'C:\Users\prady\Desktop\Claude\OS\prady-os\platform\ebpf-hardening\tests\test_ebpf_loader.py'.
Hint: make sure your test modules/packages have valid Python names.
Traceback:
platform\ebpf-hardening\tests\test_ebpf_loader.py:11: in <module>
    import psutil
E   ModuleNotFoundError: No module named 'psutil'
________________ ERROR collecting platform/memory-store/tests _________________
.venv\Lib\site-packages\pluggy\_manager.py:146: in register
    raise ValueError(
E   ValueError: Plugin already registered under a different name: C:\Users\prady\Desktop\Claude\OS\prady-os\platform\memory-store\tests\conftest.py=<module 'tests.conftest' from 'C:\\Users\\prady\\Desktop\\Claude\\OS\\prady-os\\platform\\input-controller\\tests\\conftest.py'>
E   {'2157409214560': <_pytest.config.PytestPluginManager object at 0x000001F64F9C2060>, 'pytestconfig': <_pytest.config.Config object at 0x000001F64F4BA9F0>, 'mark': <module '_pytest.mark' from 'C:\\Users\\prady\\Desktop\\Claude\\OS\\prady-os\\.venv\\Lib\\site-packages\\_pytest\\mark\\__init__.py'>, 'main': <module '_pytest.main' from 'C:\\Users\\prady\\Desktop\\Claude\\OS\\prady-os\\.venv\\Lib\\site-packages\\_pytest\\main.py'>, 'runner': <module '_pytest.runner' from 'C:\\Users\\prady\\Desktop\\Claude\\OS\\prady-os\\.venv\\Lib\\site-packages\\_pytest\\runner.py'>, 'fixtures': <module '_pytest.fixtures' from 'C:\\Users\\prady\\Desktop\\Claude\\OS\\prady-os\\.venv\\Lib\\site-packages\\_pytest\\fixtures.py'>, 'helpconfig': <module '_pytest.helpconfig' from 'C:\\Users\\prady\\Desktop\\Claude\\OS\\prady-os\\.venv\\Lib\\site-packages\\_pytest\\helpconfig.py'>, 'python': <module '_pytest.python' from 'C:\\Users\\prady\\Desktop\\Claude\\OS\\prady-os\\.venv\\Lib\\site-packages\\_pytest\\python.py'>, 'terminal': <module '_pytest.terminal' from 'C:\\Users\\prady\\Desktop\\Claude\\OS\\prady-os\\.venv\\Lib\\site-packages\\_pytest\\terminal.py'>, 'debugging': <module '_pytest.debugging' from 'C:\\Users\\prady\\Desktop\\Claude\\OS\\prady-os\\.venv\\Lib\\site-packages\\_pytest\\debugging.py'>, 'unittest': <module '_pytest.unittest' from 'C:\\Users\\prady\\Desktop\\Claude\\OS\\prady-os\\.venv\\Lib\\site-packages\\_pytest\\unittest.py'>, 'capture': <module '_pytest.capture' from 'C:\\Users\\prady\\Desktop\\Claude\\OS\\prady-os\\.venv\\Lib\\site-packages\\_pytest\\capture.py'>, 'skipping': <module '_pytest.skipping' from 'C:\\Users\\prady\\Desktop\\Claude\\OS\\prady-os\\.venv\\Lib\\site-packages\\_pytest\\skipping.py'>, 'legacypath': <module '_pytest.legacypath' from 'C:\\Users\\prady\\Desktop\\Claude\\OS\\prady-os\\.venv\\Lib\\site-packages\\_pytest\\legacypath.py'>, 'tmpdir': <module '_pytest.tmpdir' from 'C:\\Users\\prady\\Desktop\\Claude\\OS\\prady-os\\.venv\\Lib\\site-packages\\_pytest\\tmpdir.py'>, 'monkeypatch': <module '_pytest.monkeypatch' from 'C:\\Users\\prady\\Desktop\\Claude\\OS\\prady-os\\.venv\\Lib\\site-packages\\_pytest\\monkeypatch.py'>, 'recwarn': <module '_pytest.recwarn' from 'C:\\Users\\prady\\Desktop\\Claude\\OS\\prady-os\\.venv\\Lib\\site-packages\\_pytest\\recwarn.py'>, 'pastebin': <module '_pytest.pastebin' from 'C:\\Users\\prady\\Desktop\\Claude\\OS\\prady-os\\.venv\\Lib\\site-packages\\_pytest\\pastebin.py'>, 'assertion': <module '_pytest.assertion' from 'C:\\Users\\prady\\Desktop\\Claude\\OS\\prady-os\\.venv\\Lib\\site-packages\\_pytest\\assertion\\__init__.py'>, 'junitxml': <module '_pytest.junitxml' from 'C:\\Users\\prady\\Desktop\\Claude\\OS\\prady-os\\.venv\\Lib\\site-packages\\_pytest\\junitxml.py'>, 'doctest': <module '_pytest.doctest' from 'C:\\Users\\prady\\Desktop\\Claude\\OS\\prady-os\\.venv\\Lib\\site-packages\\_pytest\\doctest.py'>, 'cacheprovider': <module '_pytest.cacheprovider' from 'C:\\Users\\prady\\Desktop\\Claude\\OS\\prady-os\\.venv\\Lib\\site-packages\\_pytest\\cacheprovider.py'>, 'freeze_support': <module '_pytest.freeze_support' from 'C:\\Users\\prady\\Desktop\\Claude\\OS\\prady-os\\.venv\\Lib\\site-packages\\_pytest\\freeze_support.py'>, 'setuponly': <module '_pytest.setuponly' from 'C:\\Users\\prady\\Desktop\\Claude\\OS\\prady-os\\.venv\\Lib\\site-packages\\_pytest\\setuponly.py'>, 'setupplan': <module '_pytest.setupplan' from 'C:\\Users\\prady\\Desktop\\Claude\\OS\\prady-os\\.venv\\Lib\\site-packages\\_pytest\\setupplan.py'>, 'stepwise': <module '_pytest.stepwise' from 'C:\\Users\\prady\\Desktop\\Claude\\OS\\prady-os\\.venv\\Lib\\site-packages\\_pytest\\stepwise.py'>, 'warnings': <module '_pytest.warnings' from 'C:\\Users\\prady\\Desktop\\Claude\\OS\\prady-os\\.venv\\Lib\\site-packages\\_pytest\\warnings.py'>, 'logging': <module '_pytest.logging' from 'C:\\Users\\prady\\Desktop\\Claude\\OS\\prady-os\\.venv\\Lib\\site-packages\\_pytest\\logging.py'>, 'reports': <module '_pytest.reports' from 'C:\\Users\\prady\\Desktop\\Claude\\OS\\prady-os\\.venv\\Lib\\site-packages\\_pytest\\reports.py'>, 'python_path': <module '_pytest.python_path' from 'C:\\Users\\prady\\Desktop\\Claude\\OS\\prady-os\\.venv\\Lib\\site-packages\\_pytest\\python_path.py'>, 'unraisableexception': <module '_pytest.unraisableexception' from 'C:\\Users\\prady\\Desktop\\Claude\\OS\\prady-os\\.venv\\Lib\\site-packages\\_pytest\\unraisableexception.py'>, 'threadexception': <module '_pytest.threadexception' from 'C:\\Users\\prady\\Desktop\\Claude\\OS\\prady-os\\.venv\\Lib\\site-packages\\_pytest\\threadexception.py'>, 'faulthandler': <module '_pytest.faulthandler' from 'C:\\Users\\prady\\Desktop\\Claude\\OS\\prady-os\\.venv\\Lib\\site-packages\\_pytest\\faulthandler.py'>, 'anyio': <module 'anyio.pytest_plugin' from 'C:\\Users\\prady\\Desktop\\Claude\\OS\\prady-os\\.venv\\Lib\\site-packages\\anyio\\pytest_plugin.py'>, 'asyncio': <module 'pytest_asyncio.plugin' from 'C:\\Users\\prady\\Desktop\\Claude\\OS\\prady-os\\.venv\\Lib\\site-packages\\pytest_asyncio\\plugin.py'>, 'respx': <module 'respx.plugin' from 'C:\\Users\\prady\\Desktop\\Claude\\OS\\prady-os\\.venv\\Lib\\site-packages\\respx\\plugin.py'>, 'capturemanager': <CaptureManager _method='fd' _global_capturing=<MultiCapture out=<FDCapture 1 oldfd=5 _state='suspended' tmpfile=<_io.TextIOWrapper name='<tempfile._TemporaryFileWrapper object at 0x000001F6518754F0>' mode='r+' encoding='utf-8'>> err=<FDCapture 2 oldfd=7 _state='suspended' tmpfile=<_io.TextIOWrapper name='<tempfile._TemporaryFileWrapper object at 0x000001F651A4D670>' mode='r+' encoding='utf-8'>> in_=<FDCapture 0 oldfd=3 _state='started' tmpfile=<_io.TextIOWrapper name='nul' mode='r' encoding='utf-8'>> _state='suspended' _in_suspended=False> _capture_fixture=None>, 'session': <Session  exitstatus=<ExitCode.OK: 0> testsfailed=5 testscollected=0>, 'lfplugin': <_pytest.cacheprovider.LFPlugin object at 0x000001F64FBA0D70>, 'nfplugin': <_pytest.cacheprovider.NFPlugin object at 0x000001F651A275C0>, 'legacypath-tmpdir': <class '_pytest.legacypath.LegacyTmpdirPlugin'>, 'terminalreporter': <_pytest.terminal.TerminalReporter object at 0x000001F651A65370>, 'logging-plugin': <_pytest.logging.LoggingPlugin object at 0x000001F64FB91E50>, 'funcmanage': <_pytest.fixtures.FixtureManager object at 0x000001F6517E0410>, 'C:\\Users\\prady\\Desktop\\Claude\\OS\\prady-os\\platform\\agentnet\\tests\\conftest.py': <module 'platform.agentnet.tests.conftest' from 'C:\\Users\\prady\\Desktop\\Claude\\OS\\prady-os\\platform\\agentnet\\tests\\conftest.py'>, 'C:\\Users\\prady\\Desktop\\Claude\\OS\\prady-os\\platform\\auth-service\\tests\\conftest.py': <module 'platform.auth-service.tests.conftest' from 'C:\\Users\\prady\\Desktop\\Claude\\OS\\prady-os\\platform\\auth-service\\tests\\conftest.py'>, 'C:\\Users\\prady\\Desktop\\Claude\\OS\\prady-os\\platform\\input-controller\\tests\\conftest.py': <module 'tests.conftest' from 'C:\\Users\\prady\\Desktop\\Claude\\OS\\prady-os\\platform\\input-controller\\tests\\conftest.py'>}
_______ ERROR collecting platform/model-manager/tests/test_download.py ________
ImportError while importing test module 'C:\Users\prady\Desktop\Claude\OS\prady-os\platform\model-manager\tests\test_download.py'.
Hint: make sure your test modules/packages have valid Python names.
Traceback:
platform\model-manager\tests\test_download.py:3: in <module>
    from prady_models.download import DownloadSpec, Downloader
E   ModuleNotFoundError: No module named 'prady_models'
___ ERROR collecting platform/model-manager/tests/test_manager_rollback.py ____
ImportError while importing test module 'C:\Users\prady\Desktop\Claude\OS\prady-os\platform\model-manager\tests\test_manager_rollback.py'.
Hint: make sure your test modules/packages have valid Python names.
Traceback:
platform\model-manager\tests\test_manager_rollback.py:3: in <module>
    from prady_models.config import ManagerPaths
E   ModuleNotFoundError: No module named 'prady_models'
_____ ERROR collecting platform/model-manager/tests/test_platform_api.py ______
ImportError while importing test module 'C:\Users\prady\Desktop\Claude\OS\prady-os\platform\model-manager\tests\test_platform_api.py'.
Hint: make sure your test modules/packages have valid Python names.
Traceback:
platform\model-manager\tests\test_platform_api.py:8: in <module>
    from prady_models.db import ModelRecord, SessionLocal, init_db
E   ModuleNotFoundError: No module named 'prady_models'
_______ ERROR collecting platform/model-manager/tests/test_registry.py ________
ImportError while importing test module 'C:\Users\prady\Desktop\Claude\OS\prady-os\platform\model-manager\tests\test_registry.py'.
Hint: make sure your test modules/packages have valid Python names.
Traceback:
platform\model-manager\tests\test_registry.py:5: in <module>
    from prady_models.registry import RegistryEntry, RegistryStore
E   ModuleNotFoundError: No module named 'prady_models'
_________________ ERROR collecting platform/ota-service/tests _________________
.venv\Lib\site-packages\pluggy\_manager.py:146: in register
    raise ValueError(
E   ValueError: Plugin already registered under a different name: C:\Users\prady\Desktop\Claude\OS\prady-os\platform\ota-service\tests\conftest.py=<module 'tests.conftest' from 'C:\\Users\\prady\\Desktop\\Claude\\OS\\prady-os\\platform\\input-controller\\tests\\conftest.py'>
E   {'2157409214560': <_pytest.config.PytestPluginManager object at 0x000001F64F9C2060>, 'pytestconfig': <_pytest.config.Config object at 0x000001F64F4BA9F0>, 'mark': <module '_pytest.mark' from 'C:\\Users\\prady\\Desktop\\Claude\\OS\\prady-os\\.venv\\Lib\\site-packages\\_pytest\\mark\\__init__.py'>, 'main': <module '_pytest.main' from 'C:\\Users\\prady\\Desktop\\Claude\\OS\\prady-os\\.venv\\Lib\\site-packages\\_pytest\\main.py'>, 'runner': <module '_pytest.runner' from 'C:\\Users\\prady\\Desktop\\Claude\\OS\\prady-os\\.venv\\Lib\\site-packages\\_pytest\\runner.py'>, 'fixtures': <module '_pytest.fixtures' from 'C:\\Users\\prady\\Desktop\\Claude\\OS\\prady-os\\.venv\\Lib\\site-packages\\_pytest\\fixtures.py'>, 'helpconfig': <module '_pytest.helpconfig' from 'C:\\Users\\prady\\Desktop\\Claude\\OS\\prady-os\\.venv\\Lib\\site-packages\\_pytest\\helpconfig.py'>, 'python': <module '_pytest.python' from 'C:\\Users\\prady\\Desktop\\Claude\\OS\\prady-os\\.venv\\Lib\\site-packages\\_pytest\\python.py'>, 'terminal': <module '_pytest.terminal' from 'C:\\Users\\prady\\Desktop\\Claude\\OS\\prady-os\\.venv\\Lib\\site-packages\\_pytest\\terminal.py'>, 'debugging': <module '_pytest.debugging' from 'C:\\Users\\prady\\Desktop\\Claude\\OS\\prady-os\\.venv\\Lib\\site-packages\\_pytest\\debugging.py'>, 'unittest': <module '_pytest.unittest' from 'C:\\Users\\prady\\Desktop\\Claude\\OS\\prady-os\\.venv\\Lib\\site-packages\\_pytest\\unittest.py'>, 'capture': <module '_pytest.capture' from 'C:\\Users\\prady\\Desktop\\Claude\\OS\\prady-os\\.venv\\Lib\\site-packages\\_pytest\\capture.py'>, 'skipping': <module '_pytest.skipping' from 'C:\\Users\\prady\\Desktop\\Claude\\OS\\prady-os\\.venv\\Lib\\site-packages\\_pytest\\skipping.py'>, 'legacypath': <module '_pytest.legacypath' from 'C:\\Users\\prady\\Desktop\\Claude\\OS\\prady-os\\.venv\\Lib\\site-packages\\_pytest\\legacypath.py'>, 'tmpdir': <module '_pytest.tmpdir' from 'C:\\Users\\prady\\Desktop\\Claude\\OS\\prady-os\\.venv\\Lib\\site-packages\\_pytest\\tmpdir.py'>, 'monkeypatch': <module '_pytest.monkeypatch' from 'C:\\Users\\prady\\Desktop\\Claude\\OS\\prady-os\\.venv\\Lib\\site-packages\\_pytest\\monkeypatch.py'>, 'recwarn': <module '_pytest.recwarn' from 'C:\\Users\\prady\\Desktop\\Claude\\OS\\prady-os\\.venv\\Lib\\site-packages\\_pytest\\recwarn.py'>, 'pastebin': <module '_pytest.pastebin' from 'C:\\Users\\prady\\Desktop\\Claude\\OS\\prady-os\\.venv\\Lib\\site-packages\\_pytest\\pastebin.py'>, 'assertion': <module '_pytest.assertion' from 'C:\\Users\\prady\\Desktop\\Claude\\OS\\prady-os\\.venv\\Lib\\site-packages\\_pytest\\assertion\\__init__.py'>, 'junitxml': <module '_pytest.junitxml' from 'C:\\Users\\prady\\Desktop\\Claude\\OS\\prady-os\\.venv\\Lib\\site-packages\\_pytest\\junitxml.py'>, 'doctest': <module '_pytest.doctest' from 'C:\\Users\\prady\\Desktop\\Claude\\OS\\prady-os\\.venv\\Lib\\site-packages\\_pytest\\doctest.py'>, 'cacheprovider': <module '_pytest.cacheprovider' from 'C:\\Users\\prady\\Desktop\\Claude\\OS\\prady-os\\.venv\\Lib\\site-packages\\_pytest\\cacheprovider.py'>, 'freeze_support': <module '_pytest.freeze_support' from 'C:\\Users\\prady\\Desktop\\Claude\\OS\\prady-os\\.venv\\Lib\\site-packages\\_pytest\\freeze_support.py'>, 'setuponly': <module '_pytest.setuponly' from 'C:\\Users\\prady\\Desktop\\Claude\\OS\\prady-os\\.venv\\Lib\\site-packages\\_pytest\\setuponly.py'>, 'setupplan': <module '_pytest.setupplan' from 'C:\\Users\\prady\\Desktop\\Claude\\OS\\prady-os\\.venv\\Lib\\site-packages\\_pytest\\setupplan.py'>, 'stepwise': <module '_pytest.stepwise' from 'C:\\Users\\prady\\Desktop\\Claude\\OS\\prady-os\\.venv\\Lib\\site-packages\\_pytest\\stepwise.py'>, 'warnings': <module '_pytest.warnings' from 'C:\\Users\\prady\\Desktop\\Claude\\OS\\prady-os\\.venv\\Lib\\site-packages\\_pytest\\warnings.py'>, 'logging': <module '_pytest.logging' from 'C:\\Users\\prady\\Desktop\\Claude\\OS\\prady-os\\.venv\\Lib\\site-packages\\_pytest\\logging.py'>, 'reports': <module '_pytest.reports' from 'C:\\Users\\prady\\Desktop\\Claude\\OS\\prady-os\\.venv\\Lib\\site-packages\\_pytest\\reports.py'>, 'python_path': <module '_pytest.python_path' from 'C:\\Users\\prady\\Desktop\\Claude\\OS\\prady-os\\.venv\\Lib\\site-packages\\_pytest\\python_path.py'>, 'unraisableexception': <module '_pytest.unraisableexception' from 'C:\\Users\\prady\\Desktop\\Claude\\OS\\prady-os\\.venv\\Lib\\site-packages\\_pytest\\unraisableexception.py'>, 'threadexception': <module '_pytest.threadexception' from 'C:\\Users\\prady\\Desktop\\Claude\\OS\\prady-os\\.venv\\Lib\\site-packages\\_pytest\\threadexception.py'>, 'faulthandler': <module '_pytest.faulthandler' from 'C:\\Users\\prady\\Desktop\\Claude\\OS\\prady-os\\.venv\\Lib\\site-packages\\_pytest\\faulthandler.py'>, 'anyio': <module 'anyio.pytest_plugin' from 'C:\\Users\\prady\\Desktop\\Claude\\OS\\prady-os\\.venv\\Lib\\site-packages\\anyio\\pytest_plugin.py'>, 'asyncio': <module 'pytest_asyncio.plugin' from 'C:\\Users\\prady\\Desktop\\Claude\\OS\\prady-os\\.venv\\Lib\\site-packages\\pytest_asyncio\\plugin.py'>, 'respx': <module 'respx.plugin' from 'C:\\Users\\prady\\Desktop\\Claude\\OS\\prady-os\\.venv\\Lib\\site-packages\\respx\\plugin.py'>, 'capturemanager': <CaptureManager _method='fd' _global_capturing=<MultiCapture out=<FDCapture 1 oldfd=5 _state='suspended' tmpfile=<_io.TextIOWrapper name='<tempfile._TemporaryFileWrapper object at 0x000001F6518754F0>' mode='r+' encoding='utf-8'>> err=<FDCapture 2 oldfd=7 _state='suspended' tmpfile=<_io.TextIOWrapper name='<tempfile._TemporaryFileWrapper object at 0x000001F651A4D670>' mode='r+' encoding='utf-8'>> in_=<FDCapture 0 oldfd=3 _state='started' tmpfile=<_io.TextIOWrapper name='nul' mode='r' encoding='utf-8'>> _state='suspended' _in_suspended=False> _capture_fixture=None>, 'session': <Session  exitstatus=<ExitCode.OK: 0> testsfailed=10 testscollected=0>, 'lfplugin': <_pytest.cacheprovider.LFPlugin object at 0x000001F64FBA0D70>, 'nfplugin': <_pytest.cacheprovider.NFPlugin object at 0x000001F651A275C0>, 'legacypath-tmpdir': <class '_pytest.legacypath.LegacyTmpdirPlugin'>, 'terminalreporter': <_pytest.terminal.TerminalReporter object at 0x000001F651A65370>, 'logging-plugin': <_pytest.logging.LoggingPlugin object at 0x000001F64FB91E50>, 'funcmanage': <_pytest.fixtures.FixtureManager object at 0x000001F6517E0410>, 'C:\\Users\\prady\\Desktop\\Claude\\OS\\prady-os\\platform\\agentnet\\tests\\conftest.py': <module 'platform.agentnet.tests.conftest' from 'C:\\Users\\prady\\Desktop\\Claude\\OS\\prady-os\\platform\\agentnet\\tests\\conftest.py'>, 'C:\\Users\\prady\\Desktop\\Claude\\OS\\prady-os\\platform\\auth-service\\tests\\conftest.py': <module 'platform.auth-service.tests.conftest' from 'C:\\Users\\prady\\Desktop\\Claude\\OS\\prady-os\\platform\\auth-service\\tests\\conftest.py'>, 'C:\\Users\\prady\\Desktop\\Claude\\OS\\prady-os\\platform\\input-controller\\tests\\conftest.py': <module 'tests.conftest' from 'C:\\Users\\prady\\Desktop\\Claude\\OS\\prady-os\\platform\\input-controller\\tests\\conftest.py'>, 'C:\\Users\\prady\\Desktop\\Claude\\OS\\prady-os\\platform\\oobe\\tests\\conftest.py': <module 'platform.oobe.tests.conftest' from 'C:\\Users\\prady\\Desktop\\Claude\\OS\\prady-os\\platform\\oobe\\tests\\conftest.py'>}
_______________ ERROR collecting platform/process-manager/tests _______________
.venv\Lib\site-packages\pluggy\_manager.py:146: in register
    raise ValueError(
E   ValueError: Plugin already registered under a different name: C:\Users\prady\Desktop\Claude\OS\prady-os\platform\process-manager\tests\conftest.py=<module 'tests.conftest' from 'C:\\Users\\prady\\Desktop\\Claude\\OS\\prady-os\\platform\\input-controller\\tests\\conftest.py'>
E   {'2157409214560': <_pytest.config.PytestPluginManager object at 0x000001F64F9C2060>, 'pytestconfig': <_pytest.config.Config object at 0x000001F64F4BA9F0>, 'mark': <module '_pytest.mark' from 'C:\\Users\\prady\\Desktop\\Claude\\OS\\prady-os\\.venv\\Lib\\site-packages\\_pytest\\mark\\__init__.py'>, 'main': <module '_pytest.main' from 'C:\\Users\\prady\\Desktop\\Claude\\OS\\prady-os\\.venv\\Lib\\site-packages\\_pytest\\main.py'>, 'runner': <module '_pytest.runner' from 'C:\\Users\\prady\\Desktop\\Claude\\OS\\prady-os\\.venv\\Lib\\site-packages\\_pytest\\runner.py'>, 'fixtures': <module '_pytest.fixtures' from 'C:\\Users\\prady\\Desktop\\Claude\\OS\\prady-os\\.venv\\Lib\\site-packages\\_pytest\\fixtures.py'>, 'helpconfig': <module '_pytest.helpconfig' from 'C:\\Users\\prady\\Desktop\\Claude\\OS\\prady-os\\.venv\\Lib\\site-packages\\_pytest\\helpconfig.py'>, 'python': <module '_pytest.python' from 'C:\\Users\\prady\\Desktop\\Claude\\OS\\prady-os\\.venv\\Lib\\site-packages\\_pytest\\python.py'>, 'terminal': <module '_pytest.terminal' from 'C:\\Users\\prady\\Desktop\\Claude\\OS\\prady-os\\.venv\\Lib\\site-packages\\_pytest\\terminal.py'>, 'debugging': <module '_pytest.debugging' from 'C:\\Users\\prady\\Desktop\\Claude\\OS\\prady-os\\.venv\\Lib\\site-packages\\_pytest\\debugging.py'>, 'unittest': <module '_pytest.unittest' from 'C:\\Users\\prady\\Desktop\\Claude\\OS\\prady-os\\.venv\\Lib\\site-packages\\_pytest\\unittest.py'>, 'capture': <module '_pytest.capture' from 'C:\\Users\\prady\\Desktop\\Claude\\OS\\prady-os\\.venv\\Lib\\site-packages\\_pytest\\capture.py'>, 'skipping': <module '_pytest.skipping' from 'C:\\Users\\prady\\Desktop\\Claude\\OS\\prady-os\\.venv\\Lib\\site-packages\\_pytest\\skipping.py'>, 'legacypath': <module '_pytest.legacypath' from 'C:\\Users\\prady\\Desktop\\Claude\\OS\\prady-os\\.venv\\Lib\\site-packages\\_pytest\\legacypath.py'>, 'tmpdir': <module '_pytest.tmpdir' from 'C:\\Users\\prady\\Desktop\\Claude\\OS\\prady-os\\.venv\\Lib\\site-packages\\_pytest\\tmpdir.py'>, 'monkeypatch': <module '_pytest.monkeypatch' from 'C:\\Users\\prady\\Desktop\\Claude\\OS\\prady-os\\.venv\\Lib\\site-packages\\_pytest\\monkeypatch.py'>, 'recwarn': <module '_pytest.recwarn' from 'C:\\Users\\prady\\Desktop\\Claude\\OS\\prady-os\\.venv\\Lib\\site-packages\\_pytest\\recwarn.py'>, 'pastebin': <module '_pytest.pastebin' from 'C:\\Users\\prady\\Desktop\\Claude\\OS\\prady-os\\.venv\\Lib\\site-packages\\_pytest\\pastebin.py'>, 'assertion': <module '_pytest.assertion' from 'C:\\Users\\prady\\Desktop\\Claude\\OS\\prady-os\\.venv\\Lib\\site-packages\\_pytest\\assertion\\__init__.py'>, 'junitxml': <module '_pytest.junitxml' from 'C:\\Users\\prady\\Desktop\\Claude\\OS\\prady-os\\.venv\\Lib\\site-packages\\_pytest\\junitxml.py'>, 'doctest': <module '_pytest.doctest' from 'C:\\Users\\prady\\Desktop\\Claude\\OS\\prady-os\\.venv\\Lib\\site-packages\\_pytest\\doctest.py'>, 'cacheprovider': <module '_pytest.cacheprovider' from 'C:\\Users\\prady\\Desktop\\Claude\\OS\\prady-os\\.venv\\Lib\\site-packages\\_pytest\\cacheprovider.py'>, 'freeze_support': <module '_pytest.freeze_support' from 'C:\\Users\\prady\\Desktop\\Claude\\OS\\prady-os\\.venv\\Lib\\site-packages\\_pytest\\freeze_support.py'>, 'setuponly': <module '_pytest.setuponly' from 'C:\\Users\\prady\\Desktop\\Claude\\OS\\prady-os\\.venv\\Lib\\site-packages\\_pytest\\setuponly.py'>, 'setupplan': <module '_pytest.setupplan' from 'C:\\Users\\prady\\Desktop\\Claude\\OS\\prady-os\\.venv\\Lib\\site-packages\\_pytest\\setupplan.py'>, 'stepwise': <module '_pytest.stepwise' from 'C:\\Users\\prady\\Desktop\\Claude\\OS\\prady-os\\.venv\\Lib\\site-packages\\_pytest\\stepwise.py'>, 'warnings': <module '_pytest.warnings' from 'C:\\Users\\prady\\Desktop\\Claude\\OS\\prady-os\\.venv\\Lib\\site-packages\\_pytest\\warnings.py'>, 'logging': <module '_pytest.logging' from 'C:\\Users\\prady\\Desktop\\Claude\\OS\\prady-os\\.venv\\Lib\\site-packages\\_pytest\\logging.py'>, 'reports': <module '_pytest.reports' from 'C:\\Users\\prady\\Desktop\\Claude\\OS\\prady-os\\.venv\\Lib\\site-packages\\_pytest\\reports.py'>, 'python_path': <module '_pytest.python_path' from 'C:\\Users\\prady\\Desktop\\Claude\\OS\\prady-os\\.venv\\Lib\\site-packages\\_pytest\\python_path.py'>, 'unraisableexception': <module '_pytest.unraisableexception' from 'C:\\Users\\prady\\Desktop\\Claude\\OS\\prady-os\\.venv\\Lib\\site-packages\\_pytest\\unraisableexception.py'>, 'threadexception': <module '_pytest.threadexception' from 'C:\\Users\\prady\\Desktop\\Claude\\OS\\prady-os\\.venv\\Lib\\site-packages\\_pytest\\threadexception.py'>, 'faulthandler': <module '_pytest.faulthandler' from 'C:\\Users\\prady\\Desktop\\Claude\\OS\\prady-os\\.venv\\Lib\\site-packages\\_pytest\\faulthandler.py'>, 'anyio': <module 'anyio.pytest_plugin' from 'C:\\Users\\prady\\Desktop\\Claude\\OS\\prady-os\\.venv\\Lib\\site-packages\\anyio\\pytest_plugin.py'>, 'asyncio': <module 'pytest_asyncio.plugin' from 'C:\\Users\\prady\\Desktop\\Claude\\OS\\prady-os\\.venv\\Lib\\site-packages\\pytest_asyncio\\plugin.py'>, 'respx': <module 'respx.plugin' from 'C:\\Users\\prady\\Desktop\\Claude\\OS\\prady-os\\.venv\\Lib\\site-packages\\respx\\plugin.py'>, 'capturemanager': <CaptureManager _method='fd' _global_capturing=<MultiCapture out=<FDCapture 1 oldfd=5 _state='suspended' tmpfile=<_io.TextIOWrapper name='<tempfile._TemporaryFileWrapper object at 0x000001F6518754F0>' mode='r+' encoding='utf-8'>> err=<FDCapture 2 oldfd=7 _state='suspended' tmpfile=<_io.TextIOWrapper name='<tempfile._TemporaryFileWrapper object at 0x000001F651A4D670>' mode='r+' encoding='utf-8'>> in_=<FDCapture 0 oldfd=3 _state='started' tmpfile=<_io.TextIOWrapper name='nul' mode='r' encoding='utf-8'>> _state='suspended' _in_suspended=False> _capture_fixture=None>, 'session': <Session  exitstatus=<ExitCode.OK: 0> testsfailed=11 testscollected=0>, 'lfplugin': <_pytest.cacheprovider.LFPlugin object at 0x000001F64FBA0D70>, 'nfplugin': <_pytest.cacheprovider.NFPlugin object at 0x000001F651A275C0>, 'legacypath-tmpdir': <class '_pytest.legacypath.LegacyTmpdirPlugin'>, 'terminalreporter': <_pytest.terminal.TerminalReporter object at 0x000001F651A65370>, 'logging-plugin': <_pytest.logging.LoggingPlugin object at 0x000001F64FB91E50>, 'funcmanage': <_pytest.fixtures.FixtureManager object at 0x000001F6517E0410>, 'C:\\Users\\prady\\Desktop\\Claude\\OS\\prady-os\\platform\\agentnet\\tests\\conftest.py': <module 'platform.agentnet.tests.conftest' from 'C:\\Users\\prady\\Desktop\\Claude\\OS\\prady-os\\platform\\agentnet\\tests\\conftest.py'>, 'C:\\Users\\prady\\Desktop\\Claude\\OS\\prady-os\\platform\\auth-service\\tests\\conftest.py': <module 'platform.auth-service.tests.conftest' from 'C:\\Users\\prady\\Desktop\\Claude\\OS\\prady-os\\platform\\auth-service\\tests\\conftest.py'>, 'C:\\Users\\prady\\Desktop\\Claude\\OS\\prady-os\\platform\\input-controller\\tests\\conftest.py': <module 'tests.conftest' from 'C:\\Users\\prady\\Desktop\\Claude\\OS\\prady-os\\platform\\input-controller\\tests\\conftest.py'>, 'C:\\Users\\prady\\Desktop\\Claude\\OS\\prady-os\\platform\\oobe\\tests\\conftest.py': <module 'platform.oobe.tests.conftest' from 'C:\\Users\\prady\\Desktop\\Claude\\OS\\prady-os\\platform\\oobe\\tests\\conftest.py'>}
________________ ERROR collecting platform/vision-agent/tests _________________
.venv\Lib\site-packages\pluggy\_manager.py:146: in register
    raise ValueError(
E   ValueError: Plugin already registered under a different name: C:\Users\prady\Desktop\Claude\OS\prady-os\platform\vision-agent\tests\conftest.py=<module 'tests.conftest' from 'C:\\Users\\prady\\Desktop\\Claude\\OS\\prady-os\\platform\\input-controller\\tests\\conftest.py'>
E   {'2157409214560': <_pytest.config.PytestPluginManager object at 0x000001F64F9C2060>, 'pytestconfig': <_pytest.config.Config object at 0x000001F64F4BA9F0>, 'mark': <module '_pytest.mark' from 'C:\\Users\\prady\\Desktop\\Claude\\OS\\prady-os\\.venv\\Lib\\site-packages\\_pytest\\mark\\__init__.py'>, 'main': <module '_pytest.main' from 'C:\\Users\\prady\\Desktop\\Claude\\OS\\prady-os\\.venv\\Lib\\site-packages\\_pytest\\main.py'>, 'runner': <module '_pytest.runner' from 'C:\\Users\\prady\\Desktop\\Claude\\OS\\prady-os\\.venv\\Lib\\site-packages\\_pytest\\runner.py'>, 'fixtures': <module '_pytest.fixtures' from 'C:\\Users\\prady\\Desktop\\Claude\\OS\\prady-os\\.venv\\Lib\\site-packages\\_pytest\\fixtures.py'>, 'helpconfig': <module '_pytest.helpconfig' from 'C:\\Users\\prady\\Desktop\\Claude\\OS\\prady-os\\.venv\\Lib\\site-packages\\_pytest\\helpconfig.py'>, 'python': <module '_pytest.python' from 'C:\\Users\\prady\\Desktop\\Claude\\OS\\prady-os\\.venv\\Lib\\site-packages\\_pytest\\python.py'>, 'terminal': <module '_pytest.terminal' from 'C:\\Users\\prady\\Desktop\\Claude\\OS\\prady-os\\.venv\\Lib\\site-packages\\_pytest\\terminal.py'>, 'debugging': <module '_pytest.debugging' from 'C:\\Users\\prady\\Desktop\\Claude\\OS\\prady-os\\.venv\\Lib\\site-packages\\_pytest\\debugging.py'>, 'unittest': <module '_pytest.unittest' from 'C:\\Users\\prady\\Desktop\\Claude\\OS\\prady-os\\.venv\\Lib\\site-packages\\_pytest\\unittest.py'>, 'capture': <module '_pytest.capture' from 'C:\\Users\\prady\\Desktop\\Claude\\OS\\prady-os\\.venv\\Lib\\site-packages\\_pytest\\capture.py'>, 'skipping': <module '_pytest.skipping' from 'C:\\Users\\prady\\Desktop\\Claude\\OS\\prady-os\\.venv\\Lib\\site-packages\\_pytest\\skipping.py'>, 'legacypath': <module '_pytest.legacypath' from 'C:\\Users\\prady\\Desktop\\Claude\\OS\\prady-os\\.venv\\Lib\\site-packages\\_pytest\\legacypath.py'>, 'tmpdir': <module '_pytest.tmpdir' from 'C:\\Users\\prady\\Desktop\\Claude\\OS\\prady-os\\.venv\\Lib\\site-packages\\_pytest\\tmpdir.py'>, 'monkeypatch': <module '_pytest.monkeypatch' from 'C:\\Users\\prady\\Desktop\\Claude\\OS\\prady-os\\.venv\\Lib\\site-packages\\_pytest\\monkeypatch.py'>, 'recwarn': <module '_pytest.recwarn' from 'C:\\Users\\prady\\Desktop\\Claude\\OS\\prady-os\\.venv\\Lib\\site-packages\\_pytest\\recwarn.py'>, 'pastebin': <module '_pytest.pastebin' from 'C:\\Users\\prady\\Desktop\\Claude\\OS\\prady-os\\.venv\\Lib\\site-packages\\_pytest\\pastebin.py'>, 'assertion': <module '_pytest.assertion' from 'C:\\Users\\prady\\Desktop\\Claude\\OS\\prady-os\\.venv\\Lib\\site-packages\\_pytest\\assertion\\__init__.py'>, 'junitxml': <module '_pytest.junitxml' from 'C:\\Users\\prady\\Desktop\\Claude\\OS\\prady-os\\.venv\\Lib\\site-packages\\_pytest\\junitxml.py'>, 'doctest': <module '_pytest.doctest' from 'C:\\Users\\prady\\Desktop\\Claude\\OS\\prady-os\\.venv\\Lib\\site-packages\\_pytest\\doctest.py'>, 'cacheprovider': <module '_pytest.cacheprovider' from 'C:\\Users\\prady\\Desktop\\Claude\\OS\\prady-os\\.venv\\Lib\\site-packages\\_pytest\\cacheprovider.py'>, 'freeze_support': <module '_pytest.freeze_support' from 'C:\\Users\\prady\\Desktop\\Claude\\OS\\prady-os\\.venv\\Lib\\site-packages\\_pytest\\freeze_support.py'>, 'setuponly': <module '_pytest.setuponly' from 'C:\\Users\\prady\\Desktop\\Claude\\OS\\prady-os\\.venv\\Lib\\site-packages\\_pytest\\setuponly.py'>, 'setupplan': <module '_pytest.setupplan' from 'C:\\Users\\prady\\Desktop\\Claude\\OS\\prady-os\\.venv\\Lib\\site-packages\\_pytest\\setupplan.py'>, 'stepwise': <module '_pytest.stepwise' from 'C:\\Users\\prady\\Desktop\\Claude\\OS\\prady-os\\.venv\\Lib\\site-packages\\_pytest\\stepwise.py'>, 'warnings': <module '_pytest.warnings' from 'C:\\Users\\prady\\Desktop\\Claude\\OS\\prady-os\\.venv\\Lib\\site-packages\\_pytest\\warnings.py'>, 'logging': <module '_pytest.logging' from 'C:\\Users\\prady\\Desktop\\Claude\\OS\\prady-os\\.venv\\Lib\\site-packages\\_pytest\\logging.py'>, 'reports': <module '_pytest.reports' from 'C:\\Users\\prady\\Desktop\\Claude\\OS\\prady-os\\.venv\\Lib\\site-packages\\_pytest\\reports.py'>, 'python_path': <module '_pytest.python_path' from 'C:\\Users\\prady\\Desktop\\Claude\\OS\\prady-os\\.venv\\Lib\\site-packages\\_pytest\\python_path.py'>, 'unraisableexception': <module '_pytest.unraisableexception' from 'C:\\Users\\prady\\Desktop\\Claude\\OS\\prady-os\\.venv\\Lib\\site-packages\\_pytest\\unraisableexception.py'>, 'threadexception': <module '_pytest.threadexception' from 'C:\\Users\\prady\\Desktop\\Claude\\OS\\prady-os\\.venv\\Lib\\site-packages\\_pytest\\threadexception.py'>, 'faulthandler': <module '_pytest.faulthandler' from 'C:\\Users\\prady\\Desktop\\Claude\\OS\\prady-os\\.venv\\Lib\\site-packages\\_pytest\\faulthandler.py'>, 'anyio': <module 'anyio.pytest_plugin' from 'C:\\Users\\prady\\Desktop\\Claude\\OS\\prady-os\\.venv\\Lib\\site-packages\\anyio\\pytest_plugin.py'>, 'asyncio': <module 'pytest_asyncio.plugin' from 'C:\\Users\\prady\\Desktop\\Claude\\OS\\prady-os\\.venv\\Lib\\site-packages\\pytest_asyncio\\plugin.py'>, 'respx': <module 'respx.plugin' from 'C:\\Users\\prady\\Desktop\\Claude\\OS\\prady-os\\.venv\\Lib\\site-packages\\respx\\plugin.py'>, 'capturemanager': <CaptureManager _method='fd' _global_capturing=<MultiCapture out=<FDCapture 1 oldfd=5 _state='suspended' tmpfile=<_io.TextIOWrapper name='<tempfile._TemporaryFileWrapper object at 0x000001F6518754F0>' mode='r+' encoding='utf-8'>> err=<FDCapture 2 oldfd=7 _state='suspended' tmpfile=<_io.TextIOWrapper name='<tempfile._TemporaryFileWrapper object at 0x000001F651A4D670>' mode='r+' encoding='utf-8'>> in_=<FDCapture 0 oldfd=3 _state='started' tmpfile=<_io.TextIOWrapper name='nul' mode='r' encoding='utf-8'>> _state='suspended' _in_suspended=False> _capture_fixture=None>, 'session': <Session  exitstatus=<ExitCode.OK: 0> testsfailed=12 testscollected=0>, 'lfplugin': <_pytest.cacheprovider.LFPlugin object at 0x000001F64FBA0D70>, 'nfplugin': <_pytest.cacheprovider.NFPlugin object at 0x000001F651A275C0>, 'legacypath-tmpdir': <class '_pytest.legacypath.LegacyTmpdirPlugin'>, 'terminalreporter': <_pytest.terminal.TerminalReporter object at 0x000001F651A65370>, 'logging-plugin': <_pytest.logging.LoggingPlugin object at 0x000001F64FB91E50>, 'funcmanage': <_pytest.fixtures.FixtureManager object at 0x000001F6517E0410>, 'C:\\Users\\prady\\Desktop\\Claude\\OS\\prady-os\\platform\\agentnet\\tests\\conftest.py': <module 'platform.agentnet.tests.conftest' from 'C:\\Users\\prady\\Desktop\\Claude\\OS\\prady-os\\platform\\agentnet\\tests\\conftest.py'>, 'C:\\Users\\prady\\Desktop\\Claude\\OS\\prady-os\\platform\\auth-service\\tests\\conftest.py': <module 'platform.auth-service.tests.conftest' from 'C:\\Users\\prady\\Desktop\\Claude\\OS\\prady-os\\platform\\auth-service\\tests\\conftest.py'>, 'C:\\Users\\prady\\Desktop\\Claude\\OS\\prady-os\\platform\\input-controller\\tests\\conftest.py': <module 'tests.conftest' from 'C:\\Users\\prady\\Desktop\\Claude\\OS\\prady-os\\platform\\input-controller\\tests\\conftest.py'>, 'C:\\Users\\prady\\Desktop\\Claude\\OS\\prady-os\\platform\\oobe\\tests\\conftest.py': <module 'platform.oobe.tests.conftest' from 'C:\\Users\\prady\\Desktop\\Claude\\OS\\prady-os\\platform\\oobe\\tests\\conftest.py'>, 'C:\\Users\\prady\\Desktop\\Claude\\OS\\prady-os\\platform\\soul\\tests\\conftest.py': <module 'platform.soul.tests.conftest' from 'C:\\Users\\prady\\Desktop\\Claude\\OS\\prady-os\\platform\\soul\\tests\\conftest.py'>}
________________ ERROR collecting platform/voice-service/tests ________________
.venv\Lib\site-packages\pluggy\_manager.py:146: in register
    raise ValueError(
E   ValueError: Plugin already registered under a different name: C:\Users\prady\Desktop\Claude\OS\prady-os\platform\voice-service\tests\conftest.py=<module 'tests.conftest' from 'C:\\Users\\prady\\Desktop\\Claude\\OS\\prady-os\\platform\\input-controller\\tests\\conftest.py'>
E   {'2157409214560': <_pytest.config.PytestPluginManager object at 0x000001F64F9C2060>, 'pytestconfig': <_pytest.config.Config object at 0x000001F64F4BA9F0>, 'mark': <module '_pytest.mark' from 'C:\\Users\\prady\\Desktop\\Claude\\OS\\prady-os\\.venv\\Lib\\site-packages\\_pytest\\mark\\__init__.py'>, 'main': <module '_pytest.main' from 'C:\\Users\\prady\\Desktop\\Claude\\OS\\prady-os\\.venv\\Lib\\site-packages\\_pytest\\main.py'>, 'runner': <module '_pytest.runner' from 'C:\\Users\\prady\\Desktop\\Claude\\OS\\prady-os\\.venv\\Lib\\site-packages\\_pytest\\runner.py'>, 'fixtures': <module '_pytest.fixtures' from 'C:\\Users\\prady\\Desktop\\Claude\\OS\\prady-os\\.venv\\Lib\\site-packages\\_pytest\\fixtures.py'>, 'helpconfig': <module '_pytest.helpconfig' from 'C:\\Users\\prady\\Desktop\\Claude\\OS\\prady-os\\.venv\\Lib\\site-packages\\_pytest\\helpconfig.py'>, 'python': <module '_pytest.python' from 'C:\\Users\\prady\\Desktop\\Claude\\OS\\prady-os\\.venv\\Lib\\site-packages\\_pytest\\python.py'>, 'terminal': <module '_pytest.terminal' from 'C:\\Users\\prady\\Desktop\\Claude\\OS\\prady-os\\.venv\\Lib\\site-packages\\_pytest\\terminal.py'>, 'debugging': <module '_pytest.debugging' from 'C:\\Users\\prady\\Desktop\\Claude\\OS\\prady-os\\.venv\\Lib\\site-packages\\_pytest\\debugging.py'>, 'unittest': <module '_pytest.unittest' from 'C:\\Users\\prady\\Desktop\\Claude\\OS\\prady-os\\.venv\\Lib\\site-packages\\_pytest\\unittest.py'>, 'capture': <module '_pytest.capture' from 'C:\\Users\\prady\\Desktop\\Claude\\OS\\prady-os\\.venv\\Lib\\site-packages\\_pytest\\capture.py'>, 'skipping': <module '_pytest.skipping' from 'C:\\Users\\prady\\Desktop\\Claude\\OS\\prady-os\\.venv\\Lib\\site-packages\\_pytest\\skipping.py'>, 'legacypath': <module '_pytest.legacypath' from 'C:\\Users\\prady\\Desktop\\Claude\\OS\\prady-os\\.venv\\Lib\\site-packages\\_pytest\\legacypath.py'>, 'tmpdir': <module '_pytest.tmpdir' from 'C:\\Users\\prady\\Desktop\\Claude\\OS\\prady-os\\.venv\\Lib\\site-packages\\_pytest\\tmpdir.py'>, 'monkeypatch': <module '_pytest.monkeypatch' from 'C:\\Users\\prady\\Desktop\\Claude\\OS\\prady-os\\.venv\\Lib\\site-packages\\_pytest\\monkeypatch.py'>, 'recwarn': <module '_pytest.recwarn' from 'C:\\Users\\prady\\Desktop\\Claude\\OS\\prady-os\\.venv\\Lib\\site-packages\\_pytest\\recwarn.py'>, 'pastebin': <module '_pytest.pastebin' from 'C:\\Users\\prady\\Desktop\\Claude\\OS\\prady-os\\.venv\\Lib\\site-packages\\_pytest\\pastebin.py'>, 'assertion': <module '_pytest.assertion' from 'C:\\Users\\prady\\Desktop\\Claude\\OS\\prady-os\\.venv\\Lib\\site-packages\\_pytest\\assertion\\__init__.py'>, 'junitxml': <module '_pytest.junitxml' from 'C:\\Users\\prady\\Desktop\\Claude\\OS\\prady-os\\.venv\\Lib\\site-packages\\_pytest\\junitxml.py'>, 'doctest': <module '_pytest.doctest' from 'C:\\Users\\prady\\Desktop\\Claude\\OS\\prady-os\\.venv\\Lib\\site-packages\\_pytest\\doctest.py'>, 'cacheprovider': <module '_pytest.cacheprovider' from 'C:\\Users\\prady\\Desktop\\Claude\\OS\\prady-os\\.venv\\Lib\\site-packages\\_pytest\\cacheprovider.py'>, 'freeze_support': <module '_pytest.freeze_support' from 'C:\\Users\\prady\\Desktop\\Claude\\OS\\prady-os\\.venv\\Lib\\site-packages\\_pytest\\freeze_support.py'>, 'setuponly': <module '_pytest.setuponly' from 'C:\\Users\\prady\\Desktop\\Claude\\OS\\prady-os\\.venv\\Lib\\site-packages\\_pytest\\setuponly.py'>, 'setupplan': <module '_pytest.setupplan' from 'C:\\Users\\prady\\Desktop\\Claude\\OS\\prady-os\\.venv\\Lib\\site-packages\\_pytest\\setupplan.py'>, 'stepwise': <module '_pytest.stepwise' from 'C:\\Users\\prady\\Desktop\\Claude\\OS\\prady-os\\.venv\\Lib\\site-packages\\_pytest\\stepwise.py'>, 'warnings': <module '_pytest.warnings' from 'C:\\Users\\prady\\Desktop\\Claude\\OS\\prady-os\\.venv\\Lib\\site-packages\\_pytest\\warnings.py'>, 'logging': <module '_pytest.logging' from 'C:\\Users\\prady\\Desktop\\Claude\\OS\\prady-os\\.venv\\Lib\\site-packages\\_pytest\\logging.py'>, 'reports': <module '_pytest.reports' from 'C:\\Users\\prady\\Desktop\\Claude\\OS\\prady-os\\.venv\\Lib\\site-packages\\_pytest\\reports.py'>, 'python_path': <module '_pytest.python_path' from 'C:\\Users\\prady\\Desktop\\Claude\\OS\\prady-os\\.venv\\Lib\\site-packages\\_pytest\\python_path.py'>, 'unraisableexception': <module '_pytest.unraisableexception' from 'C:\\Users\\prady\\Desktop\\Claude\\OS\\prady-os\\.venv\\Lib\\site-packages\\_pytest\\unraisableexception.py'>, 'threadexception': <module '_pytest.threadexception' from 'C:\\Users\\prady\\Desktop\\Claude\\OS\\prady-os\\.venv\\Lib\\site-packages\\_pytest\\threadexception.py'>, 'faulthandler': <module '_pytest.faulthandler' from 'C:\\Users\\prady\\Desktop\\Claude\\OS\\prady-os\\.venv\\Lib\\site-packages\\_pytest\\faulthandler.py'>, 'anyio': <module 'anyio.pytest_plugin' from 'C:\\Users\\prady\\Desktop\\Claude\\OS\\prady-os\\.venv\\Lib\\site-packages\\anyio\\pytest_plugin.py'>, 'asyncio': <module 'pytest_asyncio.plugin' from 'C:\\Users\\prady\\Desktop\\Claude\\OS\\prady-os\\.venv\\Lib\\site-packages\\pytest_asyncio\\plugin.py'>, 'respx': <module 'respx.plugin' from 'C:\\Users\\prady\\Desktop\\Claude\\OS\\prady-os\\.venv\\Lib\\site-packages\\respx\\plugin.py'>, 'capturemanager': <CaptureManager _method='fd' _global_capturing=<MultiCapture out=<FDCapture 1 oldfd=5 _state='suspended' tmpfile=<_io.TextIOWrapper name='<tempfile._TemporaryFileWrapper object at 0x000001F6518754F0>' mode='r+' encoding='utf-8'>> err=<FDCapture 2 oldfd=7 _state='suspended' tmpfile=<_io.TextIOWrapper name='<tempfile._TemporaryFileWrapper object at 0x000001F651A4D670>' mode='r+' encoding='utf-8'>> in_=<FDCapture 0 oldfd=3 _state='started' tmpfile=<_io.TextIOWrapper name='nul' mode='r' encoding='utf-8'>> _state='suspended' _in_suspended=False> _capture_fixture=None>, 'session': <Session  exitstatus=<ExitCode.OK: 0> testsfailed=13 testscollected=0>, 'lfplugin': <_pytest.cacheprovider.LFPlugin object at 0x000001F64FBA0D70>, 'nfplugin': <_pytest.cacheprovider.NFPlugin object at 0x000001F651A275C0>, 'legacypath-tmpdir': <class '_pytest.legacypath.LegacyTmpdirPlugin'>, 'terminalreporter': <_pytest.terminal.TerminalReporter object at 0x000001F651A65370>, 'logging-plugin': <_pytest.logging.LoggingPlugin object at 0x000001F64FB91E50>, 'funcmanage': <_pytest.fixtures.FixtureManager object at 0x000001F6517E0410>, 'C:\\Users\\prady\\Desktop\\Claude\\OS\\prady-os\\platform\\agentnet\\tests\\conftest.py': <module 'platform.agentnet.tests.conftest' from 'C:\\Users\\prady\\Desktop\\Claude\\OS\\prady-os\\platform\\agentnet\\tests\\conftest.py'>, 'C:\\Users\\prady\\Desktop\\Claude\\OS\\prady-os\\platform\\auth-service\\tests\\conftest.py': <module 'platform.auth-service.tests.conftest' from 'C:\\Users\\prady\\Desktop\\Claude\\OS\\prady-os\\platform\\auth-service\\tests\\conftest.py'>, 'C:\\Users\\prady\\Desktop\\Claude\\OS\\prady-os\\platform\\input-controller\\tests\\conftest.py': <module 'tests.conftest' from 'C:\\Users\\prady\\Desktop\\Claude\\OS\\prady-os\\platform\\input-controller\\tests\\conftest.py'>, 'C:\\Users\\prady\\Desktop\\Claude\\OS\\prady-os\\platform\\oobe\\tests\\conftest.py': <module 'platform.oobe.tests.conftest' from 'C:\\Users\\prady\\Desktop\\Claude\\OS\\prady-os\\platform\\oobe\\tests\\conftest.py'>, 'C:\\Users\\prady\\Desktop\\Claude\\OS\\prady-os\\platform\\soul\\tests\\conftest.py': <module 'platform.soul.tests.conftest' from 'C:\\Users\\prady\\Desktop\\Claude\\OS\\prady-os\\platform\\soul\\tests\\conftest.py'>}
=========================== short test summary info ===========================
ERROR platform/auth-service/tests/test_auth_service.py
ERROR platform/auth-service/tests/test_jwt_utils.py
ERROR platform/bot-bridge/tests/test_bot_bridge.py
ERROR platform/computer-use/tests/test_computer_use.py
ERROR platform/ebpf-hardening/tests/test_ebpf_loader.py
ERROR platform/memory-store/tests - ValueError: Plugin already registered und...
ERROR platform/model-manager/tests/test_download.py
ERROR platform/model-manager/tests/test_manager_rollback.py
ERROR platform/model-manager/tests/test_platform_api.py
ERROR platform/model-manager/tests/test_registry.py
ERROR platform/ota-service/tests - ValueError: Plugin already registered unde...
ERROR platform/process-manager/tests - ValueError: Plugin already registered ...
ERROR platform/vision-agent/tests - ValueError: Plugin already registered und...
ERROR platform/voice-service/tests - ValueError: Plugin already registered un...
!!!!!!!!!!!!!!!!!! Interrupted: 14 errors during collection !!!!!!!!!!!!!!!!!!!
============================= 14 errors in 1.46s ==============================
